<?xml version="1.0" encoding="UTF-8"?>
<testng-results ignored="0" total="6" passed="5" failed="1" skipped="0">
  <reporter-output>
  </reporter-output>
  <suite started-at="2024-06-28T20:59:45 IST" name="Suite" finished-at="2024-06-28T21:01:50 IST" duration-ms="124936">
    <groups>
    </groups>
    <test started-at="2024-06-28T20:59:45 IST" name="EdgeTest" finished-at="2024-06-28T21:00:19 IST" duration-ms="33607">
      <class name="project.CrossBrowserScript">
        <test-method is-config="true" signature="openBrowser(java.lang.String)[pri:0, instance:project.CrossBrowserScript@2a5c8d3f]" started-at="2024-06-28T20:59:45 IST" name="openBrowser" finished-at="2024-06-28T20:59:47 IST" duration-ms="2110" status="PASS">
          <params>
            <param index="0">
              <value>
                <![CDATA[Edge]]>
              </value>
            </param>
          </params>
          <reporter-output>
          </reporter-output>
        </test-method> <!-- openBrowser -->
        <test-method signature="openUrl()[pri:0, instance:project.CrossBrowserScript@2a5c8d3f]" started-at="2024-06-28T20:59:47 IST" name="openUrl" finished-at="2024-06-28T20:59:53 IST" duration-ms="6066" status="PASS">
          <reporter-output>
          </reporter-output>
        </test-method> <!-- openUrl -->
        <test-method signature="runfb()[pri:0, instance:project.CrossBrowserScript@2a5c8d3f]" started-at="2024-06-28T20:59:53 IST" name="runfb" finished-at="2024-06-28T21:00:19 IST" duration-ms="25362" status="PASS">
          <reporter-output>
          </reporter-output>
        </test-method> <!-- runfb -->
      </class> <!-- project.CrossBrowserScript -->
    </test> <!-- EdgeTest -->
    <test started-at="2024-06-28T21:00:19 IST" name="ChromeTest" finished-at="2024-06-28T21:00:43 IST" duration-ms="23728">
      <class name="project.CrossBrowserScript">
        <test-method is-config="true" signature="openBrowser(java.lang.String)[pri:0, instance:project.CrossBrowserScript@561b6512]" started-at="2024-06-28T21:00:19 IST" name="openBrowser" finished-at="2024-06-28T21:00:21 IST" duration-ms="2084" status="PASS">
          <params>
            <param index="0">
              <value>
                <![CDATA[Chrome]]>
              </value>
            </param>
          </params>
          <reporter-output>
          </reporter-output>
        </test-method> <!-- openBrowser -->
        <test-method signature="openUrl()[pri:0, instance:project.CrossBrowserScript@561b6512]" started-at="2024-06-28T21:00:21 IST" name="openUrl" finished-at="2024-06-28T21:00:26 IST" duration-ms="5420" status="PASS">
          <reporter-output>
          </reporter-output>
        </test-method> <!-- openUrl -->
        <test-method signature="runfb()[pri:0, instance:project.CrossBrowserScript@561b6512]" started-at="2024-06-28T21:00:26 IST" name="runfb" finished-at="2024-06-28T21:00:43 IST" duration-ms="16220" status="PASS">
          <reporter-output>
          </reporter-output>
        </test-method> <!-- runfb -->
      </class> <!-- project.CrossBrowserScript -->
    </test> <!-- ChromeTest -->
    <test started-at="2024-06-28T21:00:43 IST" name="FirefoxTest" finished-at="2024-06-28T21:01:50 IST" duration-ms="67527">
      <class name="project.CrossBrowserScript">
        <test-method is-config="true" signature="openBrowser(java.lang.String)[pri:0, instance:project.CrossBrowserScript@1757cd72]" started-at="2024-06-28T21:00:43 IST" name="openBrowser" finished-at="2024-06-28T21:00:46 IST" duration-ms="3875" status="PASS">
          <params>
            <param index="0">
              <value>
                <![CDATA[Firefox]]>
              </value>
            </param>
          </params>
          <reporter-output>
          </reporter-output>
        </test-method> <!-- openBrowser -->
        <test-method signature="openUrl()[pri:0, instance:project.CrossBrowserScript@1757cd72]" started-at="2024-06-28T21:00:46 IST" name="openUrl" finished-at="2024-06-28T21:00:53 IST" duration-ms="6148" status="PASS">
          <reporter-output>
          </reporter-output>
        </test-method> <!-- openUrl -->
        <test-method signature="runfb()[pri:0, instance:project.CrossBrowserScript@1757cd72]" started-at="2024-06-28T21:00:53 IST" name="runfb" finished-at="2024-06-28T21:01:50 IST" duration-ms="57490" status="FAIL">
          <exception class="org.openqa.selenium.NoSuchElementException">
            <message>
              <![CDATA[Unable to locate element: //*[@id="facebook"]/body/div[3]/div[1]/div/div[2]/div/div/div/div/div/div/div[3]/div/div/div/div/div[1]/div/div
For documentation on this error, please visit: https://www.selenium.dev/documentation/webdriver/troubleshooting/errors#no-such-element-exception
Build info: version: '4.21.0', revision: '79ed462ef4'
System info: os.name: 'Windows 11', os.arch: 'amd64', os.version: '10.0', java.version: '22.0.1'
Driver info: org.openqa.selenium.firefox.FirefoxDriver
Command: [bdadc473-ed5b-4368-b00a-cc874a271a91, findElement {using=xpath, value=//*[@id="facebook"]/body/div[3]/div[1]/div/div[2]/div/div/div/div/div/div/div[3]/div/div/div/div/div[1]/div/div}]
Capabilities {acceptInsecureCerts: true, browserName: firefox, browserVersion: 127.0.2, moz:accessibilityChecks: false, moz:buildID: 20240624183754, moz:debuggerAddress: 127.0.0.1:31708, moz:geckodriverVersion: 0.34.0, moz:headless: false, moz:platformVersion: 10.0, moz:processID: 22648, moz:profile: C:\Users\DELL~1\AppData\Loc..., moz:shutdownTimeout: 60000, moz:webdriverClick: true, moz:windowless: false, pageLoadStrategy: normal, platformName: windows, proxy: Proxy(), se:cdp: ws://127.0.0.1:31708/devtoo..., se:cdpVersion: 85.0, setWindowRect: true, strictFileInteractability: false, timeouts: {implicit: 0, pageLoad: 300000, script: 30000}, unhandledPromptBehavior: dismiss and notify, userAgent: Mozilla/5.0 (Windows NT 10....}
Session ID: bdadc473-ed5b-4368-b00a-cc874a271a91]]>
            </message>
            <full-stacktrace>
              <![CDATA[org.openqa.selenium.NoSuchElementException: Unable to locate element: //*[@id="facebook"]/body/div[3]/div[1]/div/div[2]/div/div/div/div/div/div/div[3]/div/div/div/div/div[1]/div/div
For documentation on this error, please visit: https://www.selenium.dev/documentation/webdriver/troubleshooting/errors#no-such-element-exception
Build info: version: '4.21.0', revision: '79ed462ef4'
System info: os.name: 'Windows 11', os.arch: 'amd64', os.version: '10.0', java.version: '22.0.1'
Driver info: org.openqa.selenium.firefox.FirefoxDriver
Command: [bdadc473-ed5b-4368-b00a-cc874a271a91, findElement {using=xpath, value=//*[@id="facebook"]/body/div[3]/div[1]/div/div[2]/div/div/div/div/div/div/div[3]/div/div/div/div/div[1]/div/div}]
Capabilities {acceptInsecureCerts: true, browserName: firefox, browserVersion: 127.0.2, moz:accessibilityChecks: false, moz:buildID: 20240624183754, moz:debuggerAddress: 127.0.0.1:31708, moz:geckodriverVersion: 0.34.0, moz:headless: false, moz:platformVersion: 10.0, moz:processID: 22648, moz:profile: C:\Users\DELL~1\AppData\Loc..., moz:shutdownTimeout: 60000, moz:webdriverClick: true, moz:windowless: false, pageLoadStrategy: normal, platformName: windows, proxy: Proxy(), se:cdp: ws://127.0.0.1:31708/devtoo..., se:cdpVersion: 85.0, setWindowRect: true, strictFileInteractability: false, timeouts: {implicit: 0, pageLoad: 300000, script: 30000}, unhandledPromptBehavior: dismiss and notify, userAgent: Mozilla/5.0 (Windows NT 10....}
Session ID: bdadc473-ed5b-4368-b00a-cc874a271a91
at java.base/jdk.internal.reflect.DirectConstructorHandleAccessor.newInstance(DirectConstructorHandleAccessor.java:62)
at java.base/java.lang.reflect.Constructor.newInstanceWithCaller(Constructor.java:502)
at java.base/java.lang.reflect.Constructor.newInstance(Constructor.java:486)
at org.openqa.selenium.remote.ErrorCodec.decode(ErrorCodec.java:167)
at org.openqa.selenium.remote.codec.w3c.W3CHttpResponseCodec.decode(W3CHttpResponseCodec.java:138)
at org.openqa.selenium.remote.codec.w3c.W3CHttpResponseCodec.decode(W3CHttpResponseCodec.java:50)
at org.openqa.selenium.remote.HttpCommandExecutor.execute(HttpCommandExecutor.java:190)
at org.openqa.selenium.remote.service.DriverCommandExecutor.invokeExecute(DriverCommandExecutor.java:216)
at org.openqa.selenium.remote.service.DriverCommandExecutor.execute(DriverCommandExecutor.java:174)
at org.openqa.selenium.remote.RemoteWebDriver.execute(RemoteWebDriver.java:518)
at org.openqa.selenium.remote.ElementLocation$ElementFinder$2.findElement(ElementLocation.java:165)
at org.openqa.selenium.remote.ElementLocation.findElement(ElementLocation.java:59)
at org.openqa.selenium.remote.RemoteWebDriver.findElement(RemoteWebDriver.java:355)
at org.openqa.selenium.remote.RemoteWebDriver.findElement(RemoteWebDriver.java:349)
at project.CrossBrowserScript.runfb(CrossBrowserScript.java:81)
at java.base/jdk.internal.reflect.DirectMethodHandleAccessor.invoke(DirectMethodHandleAccessor.java:103)
at java.base/java.lang.reflect.Method.invoke(Method.java:580)
at org.testng.internal.invokers.MethodInvocationHelper.invokeMethod(MethodInvocationHelper.java:141)
at org.testng.internal.invokers.TestInvoker.invokeMethod(TestInvoker.java:686)
at org.testng.internal.invokers.TestInvoker.invokeTestMethod(TestInvoker.java:230)
at org.testng.internal.invokers.MethodRunner.runInSequence(MethodRunner.java:63)
at org.testng.internal.invokers.TestInvoker$MethodInvocationAgent.invoke(TestInvoker.java:992)
at org.testng.internal.invokers.TestInvoker.invokeTestMethods(TestInvoker.java:203)
at org.testng.internal.invokers.TestMethodWorker.invokeTestMethods(TestMethodWorker.java:154)
at org.testng.internal.invokers.TestMethodWorker.run(TestMethodWorker.java:134)
at java.base/java.util.ArrayList.forEach(ArrayList.java:1597)
at org.testng.TestRunner.privateRun(TestRunner.java:739)
at org.testng.TestRunner.run(TestRunner.java:614)
at org.testng.SuiteRunner.runTest(SuiteRunner.java:421)
at org.testng.SuiteRunner.runSequentially(SuiteRunner.java:413)
at org.testng.SuiteRunner.privateRun(SuiteRunner.java:373)
at org.testng.SuiteRunner.run(SuiteRunner.java:312)
at org.testng.SuiteRunnerWorker.runSuite(SuiteRunnerWorker.java:52)
at org.testng.SuiteRunnerWorker.run(SuiteRunnerWorker.java:95)
at org.testng.TestNG.runSuitesSequentially(TestNG.java:1274)
at org.testng.TestNG.runSuitesLocally(TestNG.java:1208)
at org.testng.TestNG.runSuites(TestNG.java:1112)
at org.testng.TestNG.run(TestNG.java:1079)
at org.testng.remote.AbstractRemoteTestNG.run(AbstractRemoteTestNG.java:115)
at org.testng.remote.RemoteTestNG.initAndRun(RemoteTestNG.java:293)
at org.testng.remote.RemoteTestNG.main(RemoteTestNG.java:91)
]]>
            </full-stacktrace>
          </exception> <!-- org.openqa.selenium.NoSuchElementException -->
          <reporter-output>
          </reporter-output>
        </test-method> <!-- runfb -->
      </class> <!-- project.CrossBrowserScript -->
    </test> <!-- FirefoxTest -->
  </suite> <!-- Suite -->
</testng-results>
